[17:00:39.494] [INFO] Initializing Storybook
[17:00:40.364] [DEBUG] Getting package.json info for /mnt/c/Users/kwaka/Desktop/資格管理/frontend/package.json...
[17:00:40.369] [DEBUG] Getting CLI versions from NPM for storybook...
[17:00:40.369] [DEBUG] Executing command: npm info storybook version
[17:00:41.196] [INFO] Adding Storybook version 10.1.10 to your project
[17:00:41.198] [INFO] Installing Storybook for user specified project type: react
[17:00:41.231] [DEBUG] Using cached package.json for /mnt/c/Users/kwaka/Desktop/資格管理/frontend/package.json...
[17:00:41.231] [INFO] Framework detected: react-vite
[17:00:41.232] [DEBUG] Getting installed version for vitest...
[17:00:41.232] [DEBUG] Executing command: npm ls --json --depth=99 2>/dev/null
[17:00:43.125] [DEBUG] Executing command: npm ls --json --depth=0 2>/dev/null
[17:00:44.801] [DEBUG] An issue occurred while trying to find dependencies metadata using npm: Error: Command failed with exit code 1: npm ls --json --depth=0 2>/dev/null
{
  "version": "0.0.0",
  "name": "frontend"
}
[17:00:44.801] [DEBUG] Getting installed version for msw...
[17:00:44.801] [DEBUG] Executing command: npm ls --json --depth=99 2>/dev/null
[17:00:46.769] [DEBUG] Executing command: npm ls --json --depth=0 2>/dev/null
[17:00:48.626] [DEBUG] An issue occurred while trying to find dependencies metadata using npm: Error: Command failed with exit code 1: npm ls --json --depth=0 2>/dev/null
{
  "version": "0.0.0",
  "name": "frontend"
}
[17:00:48.686] [DEBUG] Using cached package.json for /mnt/c/Users/kwaka/Desktop/資格管理/frontend/package.json...
[17:00:48.686] [DEBUG] Using cached package.json for /mnt/c/Users/kwaka/Desktop/資格管理/frontend/package.json...
[17:00:48.687] [DEBUG] Using cached package.json for /mnt/c/Users/kwaka/Desktop/資格管理/frontend/package.json...
[17:00:48.698] [INFO] - Configuring ESLint plugin
[17:00:48.699] [DEBUG] Detected flat config at /mnt/c/Users/kwaka/Desktop/資格管理/frontend/eslint.config.js
[17:00:48.734] [DEBUG] Using cached version for storybook...
[17:00:48.734] [DEBUG] Getting CLI versions from NPM for @storybook/react-vite...
[17:00:48.734] [DEBUG] Executing command: npm info @storybook/react-vite version
[17:00:48.750] [DEBUG] Getting CLI versions from NPM for @chromatic-com/storybook...
[17:00:48.750] [DEBUG] Executing command: npm info @chromatic-com/storybook version
[17:00:48.760] [DEBUG] Getting CLI versions from NPM for @storybook/addon-vitest...
[17:00:48.760] [DEBUG] Executing command: npm info @storybook/addon-vitest version
[17:00:48.779] [DEBUG] Getting CLI versions from NPM for @storybook/addon-a11y...
[17:00:48.779] [DEBUG] Executing command: npm info @storybook/addon-a11y version
[17:00:48.793] [DEBUG] Getting CLI versions from NPM for @storybook/addon-docs...
[17:00:48.793] [DEBUG] Executing command: npm info @storybook/addon-docs version
[17:00:48.807] [DEBUG] Getting CLI versions from NPM for @storybook/addon-onboarding...
[17:00:48.807] [DEBUG] Executing command: npm info @storybook/addon-onboarding version
[17:00:48.825] [DEBUG] Getting CLI versions from NPM for eslint-plugin-storybook...
[17:00:48.825] [DEBUG] Executing command: npm info eslint-plugin-storybook version
[17:00:50.979] [INFO] - Configuring main.ts
[17:00:51.000] [INFO] - Configuring preview.ts
[17:00:51.020] [INFO] - Adding Storybook command to package.json
[17:00:51.029] [DEBUG] Getting package.json info for /mnt/c/Users/kwaka/Desktop/資格管理/frontend/package.json...
[17:00:51.029] [DEBUG] Using cached package.json for /mnt/c/Users/kwaka/Desktop/資格管理/frontend/package.json...
[17:00:51.042] [INFO] - Copying framework templates
[17:00:52.079] [DEBUG] Executing command: npm config get registry -ws=false -iwr
[17:00:52.858] [INFO] Storybook configuration generated
[17:00:52.859] [DEBUG] Using cached package.json for /mnt/c/Users/kwaka/Desktop/資格管理/frontend/package.json...
[17:00:52.859] [DEBUG] Using cached installed version for vitest...
[17:00:52.859] [DEBUG] Getting installed version for @vitest/coverage-v8...
[17:00:52.860] [DEBUG] Executing command: npm ls --json --depth=99 2>/dev/null
[17:00:55.485] [DEBUG] Executing command: npm ls --json --depth=0 2>/dev/null
[17:00:57.385] [DEBUG] An issue occurred while trying to find dependencies metadata using npm: Error: Command failed with exit code 1: npm ls --json --depth=0 2>/dev/null
{
  "version": "0.0.0",
  "name": "frontend"
}
[17:00:57.385] [DEBUG] Getting installed version for @vitest/coverage-istanbul...
[17:00:57.385] [DEBUG] Executing command: npm ls --json --depth=99 2>/dev/null
[17:00:59.345] [DEBUG] Executing command: npm ls --json --depth=0 2>/dev/null
[17:01:01.303] [DEBUG] An issue occurred while trying to find dependencies metadata using npm: Error: Command failed with exit code 1: npm ls --json --depth=0 2>/dev/null
{
  "version": "0.0.0",
  "name": "frontend"
}
[17:01:01.304] [INFO] Adding devDependencies:
- storybook@^10.1.10
- @storybook/react-vite@^10.1.10
- @chromatic-com/storybook@^4.1.3
- @storybook/addon-vitest@^10.1.10
- @storybook/addon-a11y@^10.1.10
- @storybook/addon-docs@^10.1.10
- @storybook/addon-onboarding@^10.1.10
- eslint-plugin-storybook@^10.1.10
- playwright
- @vitest/browser@^2.1.8
- @vitest/coverage-v8@^2.1.8
[17:01:01.307] [DEBUG] Using cached package.json for /mnt/c/Users/kwaka/Desktop/資格管理/frontend/package.json...
[17:01:01.307] [DEBUG] Using cached version for storybook...
[17:01:01.307] [DEBUG] Using cached version for @storybook/react-vite...
[17:01:01.307] [DEBUG] Using cached version for @chromatic-com/storybook...
[17:01:01.307] [DEBUG] Using cached version for @storybook/addon-vitest...
[17:01:01.307] [DEBUG] Using cached version for @storybook/addon-a11y...
[17:01:01.307] [DEBUG] Using cached version for @storybook/addon-docs...
[17:01:01.307] [DEBUG] Using cached version for @storybook/addon-onboarding...
[17:01:01.307] [DEBUG] Using cached version for eslint-plugin-storybook...
[17:01:01.307] [DEBUG] Getting CLI versions from NPM for playwright...
[17:01:01.307] [DEBUG] Executing command: npm info playwright version
[17:01:02.280] [DEBUG] Getting CLI versions from NPM for @vitest/browser...
[17:01:02.280] [DEBUG] Executing command: npm info @vitest/browser version
[17:01:02.886] [DEBUG] Getting CLI versions from NPM for @vitest/coverage-v8...
[17:01:02.886] [DEBUG] Executing command: npm info @vitest/coverage-v8 version
[17:01:03.693] [INFO] Dependencies added to package.json
[17:01:03.695] [INFO] Installing dependencies...
[17:01:03.695] [INFO] Installing dependencies...
[17:01:03.695] [DEBUG] Executing command: npm install
[17:01:08.887] [ERROR] Installation of dependencies failed! {"error":"Error: Command failed with exit code 1: npm install\nnpm error code ERESOLVE\nnpm error ERESOLVE unable to resolve dependency tree\nnpm error\nnpm error While resolving: frontend@0.0.0\nnpm error Found: vitest@2.1.9\nnpm error node_modules/vitest\nnpm error   dev vitest@\"^2.1.8\" from the root project\nnpm error   peer vitest@\"2.1.9\" from @vitest/browser@2.1.9\nnpm error   node_modules/@vitest/browser\nnpm error     dev @vitest/browser@\"^2.1.8\" from the root project\nnpm error     peerOptional @vitest/browser@\"2.1.9\" from vitest@2.1.9\nnpm error   1 more (@vitest/ui)\nnpm error\nnpm error Could not resolve dependency:\nnpm error peerOptional vitest@\"^3.0.0 || ^4.0.0\" from @storybook/addon-vitest@10.1.10\nnpm error node_modules/@storybook/addon-vitest\nnpm error   dev @storybook/addon-vitest@\"^10.1.10\" from the root project\nnpm error\nnpm error Fix the upstream dependency conflict, or retry\nnpm error this command with --force or --legacy-peer-deps\nnpm error to accept an incorrect (and potentially broken) dependency resolution.\nnpm error\nnpm error\nnpm error For a full report see:\nnpm error /home/kwaka/.npm/_logs/2025-12-24T08_01_03_791Z-eresolve-report.txt\nnpm error A complete log of this run can be found in: /home/kwaka/.npm/_logs/2025-12-24T08_01_03_791Z-debug-0.log\n    at makeError (file:///home/kwaka/.npm/_npx/16684dbf41d9f438/node_modules/storybook/dist/_node-chunks/chunk-LLCTWVOB.js:12912:95)\n    at file:///home/kwaka/.npm/_npx/16684dbf41d9f438/node_modules/storybook/dist/_node-chunks/chunk-LLCTWVOB.js:13486:27\n    at process.processTicksAndRejections (node:internal/process/task_queues:95:5)\n    at async Object.executeTaskWithSpinner (file:///home/kwaka/.npm/_npx/16684dbf41d9f438/node_modules/storybook/dist/_node-chunks/chunk-TTS5PSCO.js:3701:11)\n    at async NPMProxy.installDependencies (file:///home/kwaka/.npm/_npx/16684dbf41d9f438/node_modules/storybook/dist/_node-chunks/chunk-LLCTWVOB.js:11259:5)\n    at async DependencyInstallationCommand.execute (file:///home/kwaka/.npm/_npx/16684dbf41d9f438/node_modules/create-storybook/dist/_node-chunks/chunk-4PJVQNF4.js:1511:9)\n    at async doInitiate (file:///home/kwaka/.npm/_npx/16684dbf41d9f438/node_modules/create-storybook/dist/_node-chunks/chunk-4PJVQNF4.js:2287:38)\n    at async file:///home/kwaka/.npm/_npx/16684dbf41d9f438/node_modules/create-storybook/dist/_node-chunks/chunk-4PJVQNF4.js:2322:20\n    at async withTelemetry (file:///home/kwaka/.npm/_npx/16684dbf41d9f438/node_modules/storybook/dist/_node-chunks/chunk-PGCRO4IZ.js:209:12)\n    at async initiate (file:///home/kwaka/.npm/_npx/16684dbf41d9f438/node_modules/create-storybook/dist/_node-chunks/chunk-4PJVQNF4.js:2315:24)"}
[17:01:08.887] [ERROR] Installation of dependencies failed!
[17:01:08.888] [WARN] The following addons couldn't be configured:

- @storybook/addon-vitest: https://storybook.js.org/docs/writing-tests/integrations/vitest-addon#manual-setup

Please follow each addon's configuration instructions manually.
[17:01:08.898] [WARN] Storybook setup completed, but some non-blocking errors occurred. Please check the log file below for details.
[17:01:08.898] [INFO] To run Storybook manually, run npm run storybook. CTRL+C to stop.
[17:01:08.899] [INFO] Wanna know more about Storybook? Check out https://storybook.js.org/
Having trouble or want to chat? Join us at https://discord.gg/storybook/